This is pdfTeX, Version 3.1415926-2.4-1.40.13 (MiKTeX 2.9 64-bit) (preloaded format=pdftex 2013.5.31)  12 JUN 2013 00:45
entering extended mode
**D:/TCC/Documento/noModelo/bibliografia.bib
(D:/TCC/Documento/noModelo/bibliografia.bib
Overfull \hbox (38.81546pt too wide) in paragraph at lines 1--10
\tenrm cen-tres;computer games;resource al-lo-ca-tion;Internet;MMORPG;World Of 
War-craft;content pro-duc-tion;geographically|

\hbox(6.94444+1.94444)x469.75499, glue set - 1.0
.\tenrm c
.\tenrm e
.\discretionary replacing 2
..\tenrm n
..\tenrm -
.\tenrm n
.\kern-0.27779
.etc.

! You can't use `macro parameter character #' in horizontal mode.
l.28 ...ier.de/db/conf/netgames/netgames2005.html#
                                                  YamamotoMYI05},
? 
! Emergency stop.
l.28 ...ier.de/db/conf/netgames/netgames2005.html#
                                                  YamamotoMYI05},
End of file on the terminal!

!  ==> Fatal error occurred, no output PDF file produced!
